2024-05-14 03:26:31,193 - INFO - __init__ - Initializing agent tester
2024-05-14 03:41:25,226 - INFO - __init__ - Initializing agent tester
2024-05-14 03:42:23,165 - INFO - __init__ - Initializing agent tester
2024-05-14 03:43:51,428 - INFO - __init__ - Initializing agent tester
2024-05-14 03:46:05,979 - INFO - __init__ - Initializing agent tester
2024-05-14 03:47:01,254 - INFO - __init__ - Initializing agent tester
2024-05-14 03:50:46,391 - INFO - __init__ - Initializing agent tester
2024-05-14 03:54:53,963 - INFO - __init__ - Initializing agent tester
2024-05-14 03:56:20,057 - INFO - __init__ - Initializing agent tester
2024-05-14 03:57:01,346 - INFO - __init__ - Initializing agent tester
2024-05-14 03:58:06,904 - INFO - __init__ - Initializing agent tester
2024-05-14 03:58:20,258 - INFO - __init__ - Initializing agent tester
2024-05-14 03:59:21,109 - INFO - __init__ - Initializing agent tester
2024-05-14 03:59:57,886 - INFO - __init__ - Initializing agent tester
2024-05-14 04:00:34,294 - INFO - __init__ - Initializing agent tester
2024-05-14 04:00:34,295 - INFO - __init__ - Initializing agent tester
2024-05-14 04:01:16,724 - INFO - __init__ - Initializing agent tester
2024-05-14 04:01:16,724 - INFO - __init__ - Initializing agent tester
2024-05-14 04:01:16,725 - INFO - __init__ - Initializing agent tester
2024-05-14 04:03:18,174 - INFO - __init__ - Initializing agent tester
2024-05-14 04:03:18,174 - INFO - __init__ - Initializing agent tester
2024-05-14 04:03:18,175 - INFO - __init__ - Initializing agent tester
2024-05-14 04:03:18,175 - INFO - __init__ - Initializing agent tester
2024-05-14 04:03:54,967 - INFO - __init__ - Initializing agent tester
2024-05-14 04:03:54,968 - INFO - __init__ - Initializing agent tester
2024-05-14 04:03:54,968 - INFO - __init__ - Initializing agent tester
2024-05-14 04:03:54,968 - INFO - __init__ - Initializing agent tester
2024-05-14 04:07:50,299 - INFO - __init__ - Initializing agent tester
2024-05-14 04:07:50,299 - INFO - __init__ - Initializing agent tester
2024-05-14 04:07:50,299 - INFO - __init__ - Initializing agent tester
2024-05-14 04:07:50,300 - INFO - __init__ - Initializing agent tester
2024-05-14 04:07:50,324 - INFO - __init__ - Initializing agent tester
2024-05-14 04:07:50,325 - ERROR - __init__ - <self.name> - Failed to read file test.txt, received Error [Errno 2] No such file or directory: 'test.txt'.
2024-05-14 04:08:29,484 - INFO - __init__ - Initializing agent tester
2024-05-14 04:08:29,485 - INFO - __init__ - Initializing agent tester
2024-05-14 04:08:29,485 - INFO - __init__ - Initializing agent tester
2024-05-14 04:08:29,485 - INFO - __init__ - Initializing agent tester
2024-05-14 04:08:29,519 - INFO - __init__ - Initializing agent tester
2024-05-14 04:08:29,519 - ERROR - __init__ - <self.name> - Failed to read file test.txt, received Error [Errno 2] No such file or directory: 'test.txt'.
2024-05-14 04:08:48,271 - INFO - __init__ - Initializing agent tester
2024-05-14 04:08:48,272 - INFO - __init__ - Initializing agent tester
2024-05-14 04:08:48,272 - INFO - __init__ - Initializing agent tester
2024-05-14 04:08:48,272 - INFO - __init__ - Initializing agent tester
2024-05-14 04:08:48,296 - INFO - __init__ - Initializing agent tester
2024-05-14 04:08:48,296 - ERROR - __init__ - <self.name> - Failed to read file test.txt, received Error [Errno 2] No such file or directory: 'test.txt'.
2024-05-14 04:09:29,973 - INFO - __init__ - Initializing agent tester
2024-05-14 04:09:29,974 - INFO - __init__ - Initializing agent tester
2024-05-14 04:09:29,974 - INFO - __init__ - Initializing agent tester
2024-05-14 04:09:29,974 - INFO - __init__ - Initializing agent tester
2024-05-14 04:09:29,997 - INFO - __init__ - Initializing agent tester
2024-05-14 04:09:29,998 - ERROR - __init__ - <self.name> - Failed to read file non-existant.file, received Error [Errno 2] No such file or directory: 'non-existant.file'.
2024-05-14 04:09:46,048 - INFO - __init__ - Initializing agent tester
2024-05-14 04:09:46,049 - INFO - __init__ - Initializing agent tester
2024-05-14 04:09:46,049 - INFO - __init__ - Initializing agent tester
2024-05-14 04:09:46,049 - INFO - __init__ - Initializing agent tester
2024-05-14 04:09:46,072 - INFO - __init__ - Initializing agent tester
2024-05-14 04:09:46,072 - ERROR - __init__ - <self.name> - Failed to read file non-existant.file, received Error [Errno 2] No such file or directory: 'non-existant.file'.
2024-05-14 04:12:25,593 - INFO - __init__ - Initializing agent tester
2024-05-14 04:12:25,593 - INFO - __init__ - Initializing agent tester
2024-05-14 04:12:25,593 - INFO - __init__ - Initializing agent tester
2024-05-14 04:12:25,593 - INFO - __init__ - Initializing agent tester
2024-05-14 04:12:25,615 - INFO - __init__ - Initializing agent tester
2024-05-14 04:12:25,616 - ERROR - __init__ - <self.name> - Failed to read file non-existant.file, received Error [Errno 2] No such file or directory: 'non-existant.file'.
2024-05-14 04:12:25,616 - INFO - __init__ - Initializing agent tester
2024-05-14 04:12:25,616 - INFO - __init__ - tester -wrote deleteme.test
2024-05-14 04:14:46,770 - INFO - __init__ - Initializing agent tester
2024-05-14 04:14:46,771 - INFO - __init__ - Initializing agent tester
2024-05-14 04:14:46,771 - INFO - __init__ - Initializing agent tester
2024-05-14 04:14:46,771 - INFO - __init__ - Initializing agent tester
2024-05-14 04:14:46,793 - INFO - __init__ - Initializing agent tester
2024-05-14 04:14:46,794 - INFO - __init__ - Initializing agent tester
2024-05-14 04:14:46,795 - ERROR - __init__ - <self.name> - Failed to read file non-existant.file, received Error [Errno 2] No such file or directory: 'non-existant.file'.
2024-05-14 04:14:46,795 - INFO - __init__ - Initializing agent tester
2024-05-14 04:14:46,795 - INFO - __init__ - tester -wrote deleteme.test
2024-05-14 04:16:00,951 - INFO - __init__ - Initializing agent tester
2024-05-14 04:16:00,951 - INFO - __init__ - Initializing agent tester
2024-05-14 04:16:00,951 - INFO - __init__ - Initializing agent tester
2024-05-14 04:16:00,951 - INFO - __init__ - Initializing agent tester
2024-05-14 04:16:00,972 - INFO - __init__ - Initializing agent tester
2024-05-14 04:16:00,975 - INFO - __init__ - Initializing agent tester
2024-05-14 04:16:00,975 - ERROR - __init__ - <self.name> - Failed to read file non-existant.file, received Error [Errno 2] No such file or directory: 'non-existant.file'.
2024-05-14 04:16:00,975 - INFO - __init__ - Initializing agent tester
2024-05-14 04:16:00,976 - INFO - __init__ - tester -wrote deleteme.test
2024-05-14 04:19:20,737 - INFO - __init__ - Initializing agent tester
2024-05-14 04:19:20,737 - INFO - __init__ - Initializing agent tester
2024-05-14 04:19:20,738 - INFO - __init__ - Initializing agent tester
2024-05-14 04:19:20,738 - INFO - __init__ - Initializing agent tester
2024-05-14 04:19:20,759 - INFO - __init__ - Initializing agent tester
2024-05-14 04:19:20,761 - INFO - __init__ - Initializing agent tester
2024-05-14 04:19:20,761 - ERROR - __init__ - <self.name> - Failed to read file non-existant.file, received Error [Errno 2] No such file or directory: 'non-existant.file'.
2024-05-14 04:19:20,761 - INFO - __init__ - Initializing agent tester
2024-05-14 04:19:20,761 - INFO - __init__ - tester -wrote deleteme.test
2024-05-14 04:24:36,939 - INFO - __init__ - Initializing agent tester
2024-05-14 04:24:36,939 - INFO - __init__ - Initializing agent tester
2024-05-14 04:24:36,939 - INFO - __init__ - Initializing agent tester
2024-05-14 04:24:36,940 - INFO - __init__ - Initializing agent tester
2024-05-14 04:24:36,961 - INFO - __init__ - Initializing agent tester
2024-05-14 04:24:36,962 - INFO - __init__ - Initializing agent tester
2024-05-14 04:24:36,963 - ERROR - __init__ - <self.name> - Failed to read file non-existant.file, received Error [Errno 2] No such file or directory: 'non-existant.file'.
2024-05-14 04:24:36,963 - INFO - __init__ - Initializing agent tester
2024-05-14 04:24:36,963 - INFO - __init__ - tester -wrote deleteme.test
2024-05-14 04:25:20,128 - INFO - __init__ - Initializing agent tester
2024-05-14 04:25:20,128 - INFO - __init__ - Initializing agent tester
2024-05-14 04:25:20,128 - INFO - __init__ - Initializing agent tester
2024-05-14 04:25:20,129 - INFO - __init__ - Initializing agent tester
2024-05-14 04:25:20,148 - INFO - __init__ - Initializing agent tester
2024-05-14 04:25:20,150 - INFO - __init__ - Initializing agent tester
2024-05-14 04:25:20,150 - ERROR - __init__ - <self.name> - Failed to read file non-existant.file, received Error [Errno 2] No such file or directory: 'non-existant.file'.
2024-05-14 04:25:20,150 - INFO - __init__ - Initializing agent tester
2024-05-14 04:25:20,151 - INFO - __init__ - tester -wrote deleteme.test
2024-05-14 04:25:33,037 - INFO - __init__ - Initializing agent tester
2024-05-14 04:25:33,038 - INFO - __init__ - Initializing agent tester
2024-05-14 04:25:33,038 - INFO - __init__ - Initializing agent tester
2024-05-14 04:25:33,038 - INFO - __init__ - Initializing agent tester
2024-05-14 04:25:33,063 - INFO - __init__ - Initializing agent tester
2024-05-14 04:25:33,065 - INFO - __init__ - Initializing agent tester
2024-05-14 04:25:33,065 - ERROR - __init__ - <self.name> - Failed to read file non-existant.file, received Error [Errno 2] No such file or directory: 'non-existant.file'.
2024-05-14 04:25:33,065 - INFO - __init__ - Initializing agent tester
2024-05-14 04:25:33,066 - INFO - __init__ - tester -wrote deleteme.test
2024-05-14 04:26:56,201 - INFO - __init__ - Initializing agent tester
2024-05-14 04:26:56,201 - INFO - __init__ - Initializing agent tester
2024-05-14 04:26:56,202 - INFO - __init__ - Initializing agent tester
2024-05-14 04:26:56,202 - INFO - __init__ - Initializing agent tester
2024-05-14 04:26:56,223 - INFO - __init__ - Initializing agent tester
2024-05-14 04:26:56,224 - INFO - __init__ - Initializing agent tester
2024-05-14 04:26:56,225 - ERROR - __init__ - <self.name> - Failed to read file non-existant.file, received Error [Errno 2] No such file or directory: 'non-existant.file'.
2024-05-14 04:26:56,225 - INFO - __init__ - Initializing agent tester
2024-05-14 04:26:56,225 - INFO - __init__ - tester -wrote deleteme.test
2024-05-14 04:35:59,432 - INFO - __init__ - Initializing agent tester
2024-05-14 04:35:59,433 - INFO - __init__ - Initializing agent tester
2024-05-14 04:35:59,433 - INFO - __init__ - Initializing agent tester
2024-05-14 04:35:59,433 - INFO - __init__ - Initializing agent tester
2024-05-14 04:35:59,485 - INFO - __init__ - Initializing agent tester
2024-05-14 04:35:59,486 - INFO - __init__ - Initializing agent tester
2024-05-14 04:35:59,486 - ERROR - __init__ - <self.name> - Failed to read file non-existant.file, received Error [Errno 2] No such file or directory: 'non-existant.file'.
2024-05-14 04:35:59,486 - INFO - __init__ - Initializing agent tester
2024-05-14 04:35:59,487 - INFO - __init__ - tester -wrote deleteme.test
2024-05-14 04:36:39,609 - INFO - __init__ - Initializing agent tester
2024-05-14 04:36:39,609 - INFO - __init__ - Initializing agent tester
2024-05-14 04:36:39,609 - INFO - __init__ - Initializing agent tester
2024-05-14 04:36:39,609 - INFO - __init__ - Initializing agent tester
2024-05-14 04:36:39,660 - INFO - __init__ - Initializing agent tester
2024-05-14 04:36:39,662 - INFO - __init__ - Initializing agent tester
2024-05-14 04:36:39,662 - ERROR - __init__ - <self.name> - Failed to read file non-existant.file, received Error [Errno 2] No such file or directory: 'non-existant.file'.
2024-05-14 04:36:39,662 - INFO - __init__ - Initializing agent tester
2024-05-14 04:36:39,663 - INFO - __init__ - tester -wrote deleteme.test
2024-05-14 04:37:33,862 - INFO - __init__ - Initializing agent tester
2024-05-14 04:37:33,863 - INFO - __init__ - Initializing agent tester
2024-05-14 04:37:33,863 - INFO - __init__ - Initializing agent tester
2024-05-14 04:37:33,863 - INFO - __init__ - Initializing agent tester
2024-05-14 04:37:33,912 - ERROR - __init__ - <tester> TASK:STEP -Execution failed. Error: Traceback (most recent call last):
  File "<string>", line 1, in <module>
AttributeError: module 'utils' has no attribute 'current_dir'

2024-05-14 04:37:33,913 - INFO - __init__ - Initializing agent tester
2024-05-14 04:37:33,915 - INFO - __init__ - Initializing agent tester
2024-05-14 04:37:33,915 - ERROR - __init__ - <self.name> - Failed to read file non-existant.file, received Error [Errno 2] No such file or directory: 'non-existant.file'.
2024-05-14 04:37:33,915 - INFO - __init__ - Initializing agent tester
2024-05-14 04:37:33,916 - INFO - __init__ - tester -wrote deleteme.test
2024-05-14 04:39:19,877 - INFO - __init__ - Initializing agent tester
2024-05-14 04:39:19,878 - INFO - __init__ - Initializing agent tester
2024-05-14 04:39:19,878 - INFO - __init__ - Initializing agent tester
2024-05-14 04:39:19,878 - INFO - __init__ - Initializing agent tester
2024-05-14 04:39:19,920 - ERROR - __init__ - <tester> TASK:STEP -Execution failed. Error: Traceback (most recent call last):
  File "<string>", line 1, in <module>
AttributeError: module 'utils' has no attribute 'current_dir'

2024-05-14 04:39:19,921 - INFO - __init__ - Initializing agent tester
2024-05-14 04:39:19,922 - INFO - __init__ - Initializing agent tester
2024-05-14 04:39:19,923 - ERROR - __init__ - <self.name> - Failed to read file non-existant.file, received Error [Errno 2] No such file or directory: 'non-existant.file'.
2024-05-14 04:39:19,923 - INFO - __init__ - Initializing agent tester
2024-05-14 04:39:19,923 - INFO - __init__ - tester -wrote deleteme.test
2024-05-14 04:39:56,584 - INFO - __init__ - Initializing agent tester
2024-05-14 04:39:56,584 - INFO - __init__ - Initializing agent tester
2024-05-14 04:39:56,584 - INFO - __init__ - Initializing agent tester
2024-05-14 04:39:56,585 - INFO - __init__ - Initializing agent tester
2024-05-14 04:39:56,626 - INFO - __init__ - Initializing agent tester
2024-05-14 04:39:56,627 - INFO - __init__ - Initializing agent tester
2024-05-14 04:39:56,627 - ERROR - __init__ - <self.name> - Failed to read file non-existant.file, received Error [Errno 2] No such file or directory: 'non-existant.file'.
2024-05-14 04:39:56,628 - INFO - __init__ - Initializing agent tester
2024-05-14 04:39:56,628 - INFO - __init__ - tester -wrote deleteme.test
2024-05-14 04:41:09,730 - INFO - __init__ - Initializing agent tester
2024-05-14 04:41:09,730 - INFO - __init__ - Initializing agent tester
2024-05-14 04:41:09,730 - INFO - __init__ - Initializing agent tester
2024-05-14 04:41:09,730 - INFO - __init__ - Initializing agent tester
2024-05-14 04:41:09,773 - INFO - __init__ - Initializing agent tester
2024-05-14 04:41:09,774 - INFO - __init__ - Initializing agent tester
2024-05-14 04:41:09,775 - ERROR - __init__ - <self.name> - Failed to read file non-existant.file, received Error [Errno 2] No such file or directory: 'non-existant.file'.
2024-05-14 04:41:09,775 - INFO - __init__ - Initializing agent tester
2024-05-14 04:41:09,775 - INFO - __init__ - tester -wrote deleteme.test
2024-05-14 05:17:59,664 - INFO - __init__ - Initializing agent tester
2024-05-14 05:17:59,664 - INFO - __init__ - Initializing agent tester
2024-05-14 05:17:59,665 - INFO - __init__ - Initializing agent tester
2024-05-14 05:17:59,665 - INFO - __init__ - Initializing agent tester
2024-05-14 05:17:59,705 - INFO - __init__ - Initializing agent tester
2024-05-14 05:17:59,707 - INFO - __init__ - Initializing agent tester
2024-05-14 05:17:59,707 - ERROR - __init__ - <self.name> - Failed to read file non-existant.file, received Error [Errno 2] No such file or directory: 'non-existant.file'.
2024-05-14 05:17:59,707 - INFO - __init__ - Initializing agent tester
2024-05-14 05:17:59,707 - INFO - __init__ - tester -wrote deleteme.test
2024-05-15 04:09:15,664 - INFO - __init__ - Initializing agent tester
2024-05-15 04:09:15,664 - INFO - __init__ - Initializing agent tester
2024-05-15 04:09:15,664 - INFO - __init__ - Initializing agent tester
2024-05-15 04:09:15,665 - INFO - __init__ - Initializing agent tester
2024-05-15 04:09:15,686 - ERROR - __init__ - <tester> execute_module -Execution returned non-0 exit code. Error: /workspaces/sweteam/.venv/bin/python: No module named pwd *() 

2024-05-15 04:09:15,686 - INFO - __init__ - Initializing agent tester
2024-05-15 04:09:15,738 - INFO - __init__ - Initializing agent tester
2024-05-15 04:09:15,739 - INFO - __init__ - Initializing agent tester
2024-05-15 04:09:15,739 - ERROR - __init__ - <tester> - Failed to read file non-existant.file, received Error [Errno 2] No such file or directory: 'non-existant.file'.
2024-05-15 04:09:15,739 - INFO - __init__ - Initializing agent tester
2024-05-15 04:09:15,740 - INFO - __init__ - <tester> -wrote deleteme.test
2024-05-15 04:11:29,843 - INFO - __init__ - Initializing agent tester
2024-05-15 04:11:29,843 - INFO - __init__ - Initializing agent tester
2024-05-15 04:11:29,844 - INFO - __init__ - Initializing agent tester
2024-05-15 04:11:29,844 - INFO - __init__ - Initializing agent tester
2024-05-15 04:11:29,861 - ERROR - __init__ - <tester> execute_module -Execution returned non-0 exit code. Error: /workspaces/sweteam/.venv/bin/python: No module named pwd *() 

2024-05-15 04:11:29,862 - INFO - __init__ - Initializing agent tester
2024-05-15 04:11:29,905 - INFO - __init__ - Initializing agent tester
2024-05-15 04:11:29,906 - INFO - __init__ - Initializing agent tester
2024-05-15 04:11:29,906 - ERROR - __init__ - <tester> - Failed to read file non-existant.file, received Error [Errno 2] No such file or directory: 'non-existant.file'.
2024-05-15 04:11:29,907 - INFO - __init__ - Initializing agent tester
2024-05-15 04:11:29,907 - INFO - __init__ - <tester> -wrote deleteme.test
2024-05-15 04:11:59,882 - INFO - __init__ - Initializing agent tester
2024-05-15 04:11:59,882 - INFO - __init__ - Initializing agent tester
2024-05-15 04:11:59,882 - INFO - __init__ - Initializing agent tester
2024-05-15 04:11:59,883 - INFO - __init__ - Initializing agent tester
2024-05-15 04:11:59,903 - ERROR - __init__ - <tester> execute_module -Execution returned non-0 exit code. Error: /workspaces/sweteam/.venv/bin/python: No module named pwd *() 

2024-05-15 04:11:59,905 - INFO - __init__ - Initializing agent tester
2024-05-15 04:11:59,951 - INFO - __init__ - Initializing agent tester
2024-05-15 04:11:59,952 - INFO - __init__ - Initializing agent tester
2024-05-15 04:11:59,952 - ERROR - __init__ - <tester> - Failed to read file non-existant.file, received Error [Errno 2] No such file or directory: 'non-existant.file'.
2024-05-15 04:11:59,953 - INFO - __init__ - Initializing agent tester
2024-05-15 04:11:59,953 - INFO - __init__ - <tester> -wrote deleteme.test
2024-05-15 04:13:14,840 - INFO - __init__ - Initializing agent tester
2024-05-15 04:13:14,840 - INFO - __init__ - Initializing agent tester
2024-05-15 04:13:14,840 - INFO - __init__ - Initializing agent tester
2024-05-15 04:13:14,841 - INFO - __init__ - Initializing agent tester
2024-05-15 04:13:14,857 - ERROR - __init__ - <tester> execute_module -Execution returned non-0 exit code. Error: /workspaces/sweteam/.venv/bin/python: No module named pwd *() 

2024-05-15 04:13:14,858 - INFO - __init__ - Initializing agent tester
2024-05-15 04:13:14,904 - INFO - __init__ - Initializing agent tester
2024-05-15 04:13:14,905 - INFO - __init__ - Initializing agent tester
2024-05-15 04:13:14,905 - ERROR - __init__ - <tester> - Failed to read file non-existant.file, received Error [Errno 2] No such file or directory: 'non-existant.file'.
2024-05-15 04:13:14,906 - INFO - __init__ - Initializing agent tester
2024-05-15 04:13:14,906 - INFO - __init__ - <tester> -wrote deleteme.test
2024-05-15 04:16:16,347 - INFO - __init__ - Initializing agent tester
2024-05-15 04:16:16,348 - INFO - __init__ - Initializing agent tester
2024-05-15 04:16:16,348 - INFO - __init__ - Initializing agent tester
2024-05-15 04:16:16,348 - INFO - __init__ - Initializing agent tester
2024-05-15 04:16:16,370 - ERROR - __init__ - <tester> execute_module -Execution returned non-0 exit code. Error: /workspaces/sweteam/.venv/bin/python: No module named pwd *() 

2024-05-15 04:16:16,371 - INFO - __init__ - Initializing agent tester
2024-05-15 04:16:16,419 - INFO - __init__ - Initializing agent tester
2024-05-15 04:16:16,421 - INFO - __init__ - Initializing agent tester
2024-05-15 04:16:16,421 - ERROR - __init__ - <tester> - Failed to read file non-existant.file, received Error [Errno 2] No such file or directory: 'non-existant.file'.
2024-05-15 04:16:16,422 - INFO - __init__ - Initializing agent tester
2024-05-15 04:16:16,422 - INFO - __init__ - <tester> -wrote deleteme.test
2024-05-15 04:16:51,246 - INFO - __init__ - Initializing agent tester
2024-05-15 04:16:51,246 - INFO - __init__ - Initializing agent tester
2024-05-15 04:16:51,247 - INFO - __init__ - Initializing agent tester
2024-05-15 04:16:51,247 - INFO - __init__ - Initializing agent tester
2024-05-15 04:16:51,263 - INFO - __init__ - Initializing agent tester
2024-05-15 04:16:51,332 - INFO - __init__ - Initializing agent tester
2024-05-15 04:16:51,334 - INFO - __init__ - Initializing agent tester
2024-05-15 04:16:51,335 - ERROR - __init__ - <tester> - Failed to read file non-existant.file, received Error [Errno 2] No such file or directory: 'non-existant.file'.
2024-05-15 04:16:51,335 - INFO - __init__ - Initializing agent tester
2024-05-15 04:16:51,336 - INFO - __init__ - <tester> -wrote deleteme.test
2024-05-15 04:17:31,372 - INFO - __init__ - Initializing agent tester
2024-05-15 04:17:31,372 - INFO - __init__ - Initializing agent tester
2024-05-15 04:17:31,372 - INFO - __init__ - Initializing agent tester
2024-05-15 04:17:31,373 - INFO - __init__ - Initializing agent tester
2024-05-15 04:17:31,376 - INFO - __init__ - Initializing agent tester
2024-05-15 04:17:31,421 - INFO - __init__ - Initializing agent tester
2024-05-15 04:17:31,422 - INFO - __init__ - Initializing agent tester
2024-05-15 04:17:31,423 - ERROR - __init__ - <tester> - Failed to read file non-existant.file, received Error [Errno 2] No such file or directory: 'non-existant.file'.
2024-05-15 04:17:31,423 - INFO - __init__ - Initializing agent tester
2024-05-15 04:17:31,423 - INFO - __init__ - <tester> -wrote deleteme.test
2024-05-15 04:17:48,845 - INFO - __init__ - Initializing agent tester
2024-05-15 04:17:48,845 - INFO - __init__ - Initializing agent tester
2024-05-15 04:17:48,846 - INFO - __init__ - Initializing agent tester
2024-05-15 04:17:48,846 - INFO - __init__ - Initializing agent tester
2024-05-15 04:17:48,849 - INFO - __init__ - Initializing agent tester
2024-05-15 04:17:48,896 - INFO - __init__ - Initializing agent tester
2024-05-15 04:17:48,897 - INFO - __init__ - Initializing agent tester
2024-05-15 04:17:48,897 - ERROR - __init__ - <tester> - Failed to read file non-existant.file, received Error [Errno 2] No such file or directory: 'non-existant.file'.
2024-05-15 04:17:48,898 - INFO - __init__ - Initializing agent tester
2024-05-15 04:17:48,898 - INFO - __init__ - <tester> -wrote deleteme.test
2024-05-15 04:18:41,448 - INFO - __init__ - Initializing agent tester
2024-05-15 04:18:41,449 - INFO - __init__ - Initializing agent tester
2024-05-15 04:18:41,449 - INFO - __init__ - Initializing agent tester
2024-05-15 04:18:41,450 - INFO - __init__ - Initializing agent tester
2024-05-15 04:18:41,454 - INFO - __init__ - Initializing agent tester
2024-05-15 04:18:41,476 - ERROR - __init__ - <tester> execute_module -Execution returned non-0 exit code. Error: Traceback (most recent call last):
  File "<string>", line 1, in <module>
AttributeError: 'float' object has no attribute 'strip'

2024-05-15 04:18:41,503 - INFO - __init__ - Initializing agent tester
2024-05-15 04:18:41,504 - INFO - __init__ - Initializing agent tester
2024-05-15 04:18:41,504 - ERROR - __init__ - <tester> - Failed to read file non-existant.file, received Error [Errno 2] No such file or directory: 'non-existant.file'.
2024-05-15 04:18:41,504 - INFO - __init__ - Initializing agent tester
2024-05-15 04:18:41,504 - INFO - __init__ - <tester> -wrote deleteme.test
2024-05-15 04:19:14,248 - INFO - __init__ - Initializing agent tester
2024-05-15 04:19:14,249 - INFO - __init__ - Initializing agent tester
2024-05-15 04:19:14,249 - INFO - __init__ - Initializing agent tester
2024-05-15 04:19:14,249 - INFO - __init__ - Initializing agent tester
2024-05-15 04:19:14,253 - INFO - __init__ - Initializing agent tester
2024-05-15 04:19:14,295 - INFO - __init__ - Initializing agent tester
2024-05-15 04:19:14,296 - INFO - __init__ - Initializing agent tester
2024-05-15 04:19:14,296 - ERROR - __init__ - <tester> - Failed to read file non-existant.file, received Error [Errno 2] No such file or directory: 'non-existant.file'.
2024-05-15 04:19:14,297 - INFO - __init__ - Initializing agent tester
2024-05-15 04:19:14,297 - INFO - __init__ - <tester> -wrote deleteme.test
2024-05-15 04:24:20,347 - INFO - __init__ - Initializing agent tester
2024-05-15 04:24:20,347 - INFO - __init__ - Initializing agent tester
2024-05-15 04:24:20,348 - INFO - __init__ - Initializing agent tester
2024-05-15 04:24:20,348 - INFO - __init__ - Initializing agent tester
2024-05-15 04:24:20,350 - INFO - __init__ - Initializing agent tester
2024-05-15 04:24:20,370 - ERROR - __init__ - <tester> execute_module -Execution failed. Error: module 'json' has no attribute 'loads0'
2024-05-15 04:24:20,390 - ERROR - __init__ - <tester> execute_module -Execution failed. Error: module 'json' has no attribute 'loads0'
2024-05-15 04:24:20,391 - INFO - __init__ - Initializing agent tester
2024-05-15 04:24:20,392 - INFO - __init__ - Initializing agent tester
2024-05-15 04:24:20,392 - ERROR - __init__ - <tester> - Failed to read file non-existant.file, received Error [Errno 2] No such file or directory: 'non-existant.file'.
2024-05-15 04:24:20,392 - INFO - __init__ - Initializing agent tester
2024-05-15 04:24:20,393 - INFO - __init__ - <tester> -wrote deleteme.test
2024-05-15 04:24:36,650 - INFO - __init__ - Initializing agent tester
2024-05-15 04:24:36,651 - INFO - __init__ - Initializing agent tester
2024-05-15 04:24:36,651 - INFO - __init__ - Initializing agent tester
2024-05-15 04:24:36,651 - INFO - __init__ - Initializing agent tester
2024-05-15 04:24:36,654 - INFO - __init__ - Initializing agent tester
2024-05-15 04:24:36,699 - INFO - __init__ - Initializing agent tester
2024-05-15 04:24:36,700 - INFO - __init__ - Initializing agent tester
2024-05-15 04:24:36,701 - ERROR - __init__ - <tester> - Failed to read file non-existant.file, received Error [Errno 2] No such file or directory: 'non-existant.file'.
2024-05-15 04:24:36,701 - INFO - __init__ - Initializing agent tester
2024-05-15 04:24:36,701 - INFO - __init__ - <tester> -wrote deleteme.test
